[debug] Webpay initTransaction raw response Transbank\Webpay\initTransactionResponse Object
(
    [return] => 
    [token] => 11315dec40f0dce209007f257bbec4d523193b6b62a8e6dd84d1874782efba54
    [url] => https://webpay3g.transbank.cl:443/webpayserver/initTransaction
)

[debug] Webpay initTransaction raw response Transbank\Webpay\initTransactionResponse Object
(
    [return] => 
    [token] => 1131e732c851d493e854017fb9467d48da9bed81a463d546214046f1528c4837
    [url] => https://webpay3g.transbank.cl:443/webpayserver/initTransaction
)

[debug] Webpay initTransaction raw response Transbank\Webpay\initTransactionResponse Object
(
    [return] => 
    [token] => 1131183b62cf87369e47f8901f6d83467b140f104f06662f621e9759eadc4396
    [url] => https://webpay3g.transbank.cl:443/webpayserver/initTransaction
)

[debug] Webpay initTransaction raw response Transbank\Webpay\initTransactionResponse Object
(
    [return] => 
    [token] => 12314124c226bdb19f6f096291b1c8032753959ce9e2ba753815fa1007155dec
    [url] => https://webpay3g.transbank.cl:443/webpayserver/initTransaction
)

[debug] Webpay initTransaction raw response Transbank\Webpay\initTransactionResponse Object
(
    [return] => 
    [token] => 1131d0dd7e0c69354f1b900fd86ea58d2c13f2f7a9bb3b466265709ddc41c982
    [url] => https://webpay3g.transbank.cl:443/webpayserver/initTransaction
)

[debug] Webpay initTransaction raw response Transbank\Webpay\initTransactionResponse Object
(
    [return] => 
    [token] => 11313cb10eec07cda412b123315b1610143952707852dcbb29c41e1cf522f52c
    [url] => https://webpay3g.transbank.cl:443/webpayserver/initTransaction
)

[debug] Webpay initTransaction raw response Transbank\Webpay\initTransactionResponse Object
(
    [return] => 
    [token] => 1131adaeeee81f09a54fac4d26161ec864eab1c2ccaf7fb1f9171fd50de26961
    [url] => https://webpay3g.transbank.cl:443/webpayserver/initTransaction
)

[debug] Webpay initTransaction raw response Transbank\Webpay\initTransactionResponse Object
(
    [return] => 
    [token] => 11314153636482db8d0b7f189a9726ee70a8a478ebdef2bf3266f8bf62e09d9f
    [url] => https://webpay3g.transbank.cl:443/webpayserver/initTransaction
)

[debug] Webpay initTransaction raw response Transbank\Webpay\initTransactionResponse Object
(
    [return] => 
    [token] => 1131fec3e79c57f349cf15169a5a5d24bdead4f5243f61ce7ad21bbb3da1f10b
    [url] => https://webpay3g.transbank.cl:443/webpayserver/initTransaction
)

[debug] Webpay initTransaction raw response Transbank\Webpay\initTransactionResponse Object
(
    [return] => 
    [token] => 113129f7440e627ea78645c2b4b09cb7d1bf7a0db22b96942b46d3111cf19fa7
    [url] => https://webpay3g.transbank.cl:443/webpayserver/initTransaction
)

